<?xml version="1.0" encoding="UTF-8" ?>
<testsuite failures="0" time="0.014" errors="0" skipped="0" tests="5" name="com.youdevise.fbplugins.deprecate3rdparty.DeprecatedSettingsReaderTest">
  <properties>
[...]
</properties>
  <testcase time="0.003" classname="com.youdevise.fbplugins.deprecate3rdparty.DeprecatedSettingsReaderTest" name="invalidWhenTheFileDoesNotExist"/>
  <testcase time="0" classname="com.youdevise.fbplugins.deprecate3rdparty.DeprecatedSettingsReaderTest" name="invalidWhenTheFileHasNoContents"/>
  <testcase time="0.005" classname="com.youdevise.fbplugins.deprecate3rdparty.DeprecatedSettingsReaderTest" name="validWhenSettingsHasAClassToDeprecate"/>
  <testcase time="0.001" classname="com.youdevise.fbplugins.deprecate3rdparty.DeprecatedSettingsReaderTest" name="invalidWhenLineDoesntContainValidClassName"/>
  <testcase time="0.001" classname="com.youdevise.fbplugins.deprecate3rdparty.DeprecatedSettingsReaderTest" name="validWhenContainsValidClassNameAndSomeBlankLines"/>
</testsuite>